<?xml version="1.0" encoding="UTF-8"?>
<testng-results ignored="0" total="2" passed="2" failed="0" skipped="0">
  <reporter-output>
  </reporter-output>
  <suite started-at="2023-08-30T12:37:42 IST" name="Default suite" finished-at="2023-08-30T12:38:03 IST" duration-ms="21902">
    <groups>
    </groups>
    <test started-at="2023-08-30T12:37:42 IST" name="Default test" finished-at="2023-08-30T12:38:03 IST" duration-ms="21902">
      <class name="org.automate.testcases.LoginTC001">
        <test-method is-config="true" signature="browserLaunch()[pri:0, instance:org.automate.testcases.LoginTC001@5167f57d]" started-at="2023-08-30T12:37:39 IST" name="browserLaunch" finished-at="2023-08-30T12:37:42 IST" duration-ms="2620" status="PASS">
          <reporter-output>
          </reporter-output>
        </test-method> <!-- browserLaunch -->
        <test-method is-config="true" signature="urlLaunch()[pri:0, instance:org.automate.testcases.LoginTC001@5167f57d]" started-at="2023-08-30T12:37:42 IST" name="urlLaunch" finished-at="2023-08-30T12:37:51 IST" duration-ms="9102" status="PASS">
          <reporter-output>
          </reporter-output>
        </test-method> <!-- urlLaunch -->
        <test-method signature="loginTC001(java.lang.String,java.lang.String)[pri:1, instance:org.automate.testcases.LoginTC001@5167f57d]" started-at="2023-08-30T12:37:51 IST" name="loginTC001" data-provider="STATIC_DATA" finished-at="2023-08-30T12:37:55 IST" duration-ms="4572" status="PASS">
          <params>
            <param index="0">
              <value>
                <![CDATA[Promantus]]>
              </value>
            </param>
            <param index="1">
              <value>
                <![CDATA[Promantus12]]>
              </value>
            </param>
          </params>
          <reporter-output>
          </reporter-output>
        </test-method> <!-- loginTC001 -->
        <test-method signature="bookhotelTC004(java.lang.String,java.lang.String,java.lang.String,java.lang.String,java.lang.String)[pri:2, instance:org.automate.testcases.LoginTC001@5167f57d]" started-at="2023-08-30T12:37:56 IST" name="bookhotelTC004" data-provider="DYNAMIC_USERDATA" finished-at="2023-08-30T12:38:03 IST" duration-ms="7401" status="PASS">
          <params>
            <param index="0">
              <value>
                <![CDATA[Aravind]]>
              </value>
            </param>
            <param index="1">
              <value>
                <![CDATA[raj]]>
              </value>
            </param>
            <param index="2">
              <value>
                <![CDATA[Arni]]>
              </value>
            </param>
            <param index="3">
              <value>
                <![CDATA[1234567890123456]]>
              </value>
            </param>
            <param index="4">
              <value>
                <![CDATA[123]]>
              </value>
            </param>
          </params>
          <reporter-output>
          </reporter-output>
        </test-method> <!-- bookhotelTC004 -->
        <test-method is-config="true" signature="driverClose()[pri:0, instance:org.automate.testcases.LoginTC001@5167f57d]" started-at="2023-08-30T12:38:04 IST" name="driverClose" finished-at="2023-08-30T12:38:04 IST" duration-ms="446" status="PASS">
          <reporter-output>
          </reporter-output>
        </test-method> <!-- driverClose -->
      </class> <!-- org.automate.testcases.LoginTC001 -->
    </test> <!-- Default test -->
  </suite> <!-- Default suite -->
</testng-results>
